<?xml version="1.0" encoding="UTF-8"?>
<testsuite name="nuts.spring.xml.SpringContextTest" tests="2" skipped="0" failures="0" errors="0" timestamp="2020-03-15T14:46:50" hostname="DESKTOP-KRJAJ5I" time="0.605">
  <properties/>
  <testcase name="testGetPersonBean()" classname="nuts.spring.xml.SpringContextTest" time="0.525"/>
  <testcase name="testGetBeanNames()" classname="nuts.spring.xml.SpringContextTest" time="0.078"/>
  <system-out><![CDATA[]]></system-out>
  <system-err><![CDATA[]]></system-err>
</testsuite>
