<?xml version="1.0" encoding="UTF-8"?>
<testsuite name="nuts.spring.annotation.SpringContextTest" tests="2" skipped="0" failures="0" errors="0" timestamp="2020-03-15T15:34:58" hostname="DESKTOP-KRJAJ5I" time="0.51">
  <properties/>
  <testcase name="testGetPersonBean()" classname="nuts.spring.annotation.SpringContextTest" time="0.478"/>
  <testcase name="testGetBeanNames()" classname="nuts.spring.annotation.SpringContextTest" time="0.031"/>
  <system-out><![CDATA[]]></system-out>
  <system-err><![CDATA[]]></system-err>
</testsuite>
