<?xml version="1.0" encoding="UTF-8"?>
<testsuite name="nuts.spring.annotation.SpringContextTest" tests="1" skipped="0" failures="0" errors="0" timestamp="2020-03-17T08:08:59" hostname="DESKTOP-KRJAJ5I" time="0.409">
  <properties/>
  <testcase name="testBeanLifeCycle()" classname="nuts.spring.annotation.SpringContextTest" time="0.409"/>
  <system-out><![CDATA[School Structure...
School initializing...
Spring Context initialized...
===>org.springframework.context.annotation.internalConfigurationAnnotationProcessor
===>org.springframework.context.annotation.internalAutowiredAnnotationProcessor
===>org.springframework.context.annotation.internalCommonAnnotationProcessor
===>org.springframework.context.event.internalEventListenerProcessor
===>org.springframework.context.event.internalEventListenerFactory
===>lifeCycleConfiguration
===>school
nuts.spring.annotation.model.School@748c51ad
school destroy...
]]></system-out>
  <system-err><![CDATA[]]></system-err>
</testsuite>
