<?xml version="1.0" encoding="UTF-8"?>
<testsuite name="nuts.spring.annotation.SpringContextTest" tests="1" skipped="0" failures="0" errors="0" timestamp="2020-03-17T07:18:14" hostname="DESKTOP-KRJAJ5I" time="0.449">
  <properties/>
  <testcase name="testImportBean()" classname="nuts.spring.annotation.SpringContextTest" time="0.449"/>
  <system-out><![CDATA[Instance person...
Spring Context initialized...
===>org.springframework.context.annotation.internalConfigurationAnnotationProcessor
===>org.springframework.context.annotation.internalAutowiredAnnotationProcessor
===>org.springframework.context.annotation.internalCommonAnnotationProcessor
===>org.springframework.context.event.internalEventListenerProcessor
===>org.springframework.context.event.internalEventListenerFactory
===>importConfiguration
===>nuts.spring.annotation.model.Group
===>nuts.spring.annotation.model.Classic
===>person
===>school
]]></system-out>
  <system-err><![CDATA[]]></system-err>
</testsuite>
